-------------------------------------------------------------------------------
Test set: com.poly.hangnt169.Hangnt169ApplicationTests
-------------------------------------------------------------------------------
Tests run: 1, Failures: 0, Errors: 1, Skipped: 0, Time elapsed: 0.31 s <<< FAILURE! - in com.poly.hangnt169.Hangnt169ApplicationTests
com.poly.hangnt169.Hangnt169ApplicationTests  Time elapsed: 0.309 s  <<< ERROR!
java.lang.IllegalStateException: Unable to find a @SpringBootConfiguration, you need to use @ContextConfiguration or @SpringBootTest(classes=...) with your test

